This is pdfTeX, Version 3.14159265-2.6-1.40.18 (TeX Live 2017/W32TeX) (preloaded format=pdflatex 2017.11.17)  28 NOV 2017 11:44
entering extended mode
 restricted \write18 enabled.
 %&-line parsing enabled.
**./report.tex
(./report.tex
LaTeX2e <2017-04-15>
Babel <3.15> and hyphenation patterns for 84 language(s) loaded.
(f:/Softwares/TexLive/2017/texmf-dist/tex/latex/base/article.cls
Document Class: article 2014/09/29 v1.4h Standard LaTeX document class
(f:/Softwares/TexLive/2017/texmf-dist/tex/latex/base/size11.clo
File: size11.clo 2014/09/29 v1.4h Standard LaTeX file (size option)
)
\c@part=\count79
\c@section=\count80
\c@subsection=\count81
\c@subsubsection=\count82
\c@paragraph=\count83
\c@subparagraph=\count84
\c@figure=\count85
\c@table=\count86
\abovecaptionskip=\skip41
\belowcaptionskip=\skip42
\bibindent=\dimen102
)
(f:/Softwares/TexLive/2017/texmf-dist/tex/latex/base/latexsym.sty
Package: latexsym 1998/08/17 v2.2e Standard LaTeX package (lasy symbols)
\symlasy=\mathgroup4
LaTeX Font Info:    Overwriting symbol font `lasy' in version `bold'
(Font)                  U/lasy/m/n --> U/lasy/b/n on input line 52.
)
(f:/Softwares/TexLive/2017/texmf-dist/tex/latex/amsmath/amsmath.sty
Package: amsmath 2017/09/02 v2.17a AMS math features
\@mathmargin=\skip43

For additional information on amsmath, use the `?' option.
(f:/Softwares/TexLive/2017/texmf-dist/tex/latex/amsmath/amstext.sty
Package: amstext 2000/06/29 v2.01 AMS text

(f:/Softwares/TexLive/2017/texmf-dist/tex/latex/amsmath/amsgen.sty
File: amsgen.sty 1999/11/30 v2.0 generic functions
\@emptytoks=\toks14
\ex@=\dimen103
))
(f:/Softwares/TexLive/2017/texmf-dist/tex/latex/amsmath/amsbsy.sty
Package: amsbsy 1999/11/29 v1.2d Bold Symbols
\pmbraise@=\dimen104
)
(f:/Softwares/TexLive/2017/texmf-dist/tex/latex/amsmath/amsopn.sty
Package: amsopn 2016/03/08 v2.02 operator names
)
\inf@bad=\count87
LaTeX Info: Redefining \frac on input line 213.
\uproot@=\count88
\leftroot@=\count89
LaTeX Info: Redefining \overline on input line 375.
\classnum@=\count90
\DOTSCASE@=\count91
LaTeX Info: Redefining \ldots on input line 472.
LaTeX Info: Redefining \dots on input line 475.
LaTeX Info: Redefining \cdots on input line 596.
\Mathstrutbox@=\box26
\strutbox@=\box27
\big@size=\dimen105
LaTeX Font Info:    Redeclaring font encoding OML on input line 712.
LaTeX Font Info:    Redeclaring font encoding OMS on input line 713.
\macc@depth=\count92
\c@MaxMatrixCols=\count93
\dotsspace@=\muskip10
\c@parentequation=\count94
\dspbrk@lvl=\count95
\tag@help=\toks15
\row@=\count96
\column@=\count97
\maxfields@=\count98
\andhelp@=\toks16
\eqnshift@=\dimen106
\alignsep@=\dimen107
\tagshift@=\dimen108
\tagwidth@=\dimen109
\totwidth@=\dimen110
\lineht@=\dimen111
\@envbody=\toks17
\multlinegap=\skip44
\multlinetaggap=\skip45
\mathdisplay@stack=\toks18
LaTeX Info: Redefining \[ on input line 2817.
LaTeX Info: Redefining \] on input line 2818.
)
(f:/Softwares/TexLive/2017/texmf-dist/tex/latex/amsfonts/amssymb.sty
Package: amssymb 2013/01/14 v3.01 AMS font symbols

(f:/Softwares/TexLive/2017/texmf-dist/tex/latex/amsfonts/amsfonts.sty
Package: amsfonts 2013/01/14 v3.01 Basic AMSFonts support
\symAMSa=\mathgroup5
\symAMSb=\mathgroup6
LaTeX Font Info:    Overwriting math alphabet `\mathfrak' in version `bold'
(Font)                  U/euf/m/n --> U/euf/b/n on input line 106.
))
(f:/Softwares/TexLive/2017/texmf-dist/tex/latex/amscls/amsthm.sty
Package: amsthm 2015/03/04 v2.20.2
\thm@style=\toks19
\thm@bodyfont=\toks20
\thm@headfont=\toks21
\thm@notefont=\toks22
\thm@headpunct=\toks23
\thm@preskip=\skip46
\thm@postskip=\skip47
\thm@headsep=\skip48
\dth@everypar=\toks24
)
(f:/Softwares/TexLive/2017/texmf-dist/tex/latex/graphics/graphicx.sty
Package: graphicx 2017/06/01 v1.1a Enhanced LaTeX Graphics (DPC,SPQR)

(f:/Softwares/TexLive/2017/texmf-dist/tex/latex/graphics/keyval.sty
Package: keyval 2014/10/28 v1.15 key=value parser (DPC)
\KV@toks@=\toks25
)
(f:/Softwares/TexLive/2017/texmf-dist/tex/latex/graphics/graphics.sty
Package: graphics 2017/06/25 v1.2c Standard LaTeX Graphics (DPC,SPQR)

(f:/Softwares/TexLive/2017/texmf-dist/tex/latex/graphics/trig.sty
Package: trig 2016/01/03 v1.10 sin cos tan (DPC)
)
(f:/Softwares/TexLive/2017/texmf-dist/tex/latex/graphics-cfg/graphics.cfg
File: graphics.cfg 2016/06/04 v1.11 sample graphics configuration
)
Package graphics Info: Driver file: pdftex.def on input line 99.

(f:/Softwares/TexLive/2017/texmf-dist/tex/latex/graphics-def/pdftex.def
File: pdftex.def 2017/06/24 v1.0g Graphics/color driver for pdftex
))
\Gin@req@height=\dimen112
\Gin@req@width=\dimen113
)
(f:/Softwares/TexLive/2017/texmf-dist/tex/latex/wrapfig/wrapfig.sty
\wrapoverhang=\dimen114
\WF@size=\dimen115
\c@WF@wrappedlines=\count99
\WF@box=\box28
\WF@everypar=\toks26
Package: wrapfig 2003/01/31  v 3.6
)
(f:/Softwares/TexLive/2017/texmf-dist/tex/latex/pseudocode/pseudocode.sty
** 
** Document Style `pseudocode' - environment 
** by D.L. Kreher and D.R. Stinson 
** 
** The pseudocode environment was originally developed for the book
** Combinatorial Algorithms: Enumeration, Generation, and Search
** CRC Press, 1999. 
Package: pseudocode 
\pcode@width=\skip49
(f:/Softwares/TexLive/2017/texmf-dist/tex/latex/fancybox/fancybox.sty
Package: fancybox 2010/05/15 1.4

Style option: `fancybox' v1.4 <2010/05/15> (tvz)
\@fancybox=\box29
\shadowsize=\dimen116
\@Sbox=\box30
\do@VerbBox=\toks27
\the@fancyput=\toks28
\this@fancyput=\toks29
\EndVerbatimTokens=\toks30
\Verbatim@Outfile=\write3
\Verbatim@Infile=\read1
) (f:/Softwares/TexLive/2017/texmf-dist/tex/latex/base/ifthen.sty
Package: ifthen 2014/09/29 v1.1c Standard LaTeX ifthen package (DPC)
)
\c@pseudocode=\count100
\c@pseudonum=\count101
)
(f:/Softwares/TexLive/2017/texmf-dist/tex/latex/url/url.sty
\Urlmuskip=\muskip11
Package: url 2013/09/16  ver 3.4  Verb mode for urls, etc.
)
(f:/Softwares/TexLive/2017/texmf-dist/tex/latex/hyperref/hyperref.sty
Package: hyperref 2017/03/14 v6.85a Hypertext links for LaTeX

(f:/Softwares/TexLive/2017/texmf-dist/tex/generic/oberdiek/hobsub-hyperref.sty
Package: hobsub-hyperref 2016/05/16 v1.14 Bundle oberdiek, subset hyperref (HO)


(f:/Softwares/TexLive/2017/texmf-dist/tex/generic/oberdiek/hobsub-generic.sty
Package: hobsub-generic 2016/05/16 v1.14 Bundle oberdiek, subset generic (HO)
Package: hobsub 2016/05/16 v1.14 Construct package bundles (HO)
Package: infwarerr 2016/05/16 v1.4 Providing info/warning/error messages (HO)
Package: ltxcmds 2016/05/16 v1.23 LaTeX kernel commands for general use (HO)
Package: ifluatex 2016/05/16 v1.4 Provides the ifluatex switch (HO)
Package ifluatex Info: LuaTeX not detected.
Package: ifvtex 2016/05/16 v1.6 Detect VTeX and its facilities (HO)
Package ifvtex Info: VTeX not detected.
Package: intcalc 2016/05/16 v1.2 Expandable calculations with integers (HO)
Package: ifpdf 2017/03/15 v3.2 Provides the ifpdf switch
Package: etexcmds 2016/05/16 v1.6 Avoid name clashes with e-TeX commands (HO)
Package etexcmds Info: Could not find \expanded.
(etexcmds)             That can mean that you are not using pdfTeX 1.50 or
(etexcmds)             that some package has redefined \expanded.
(etexcmds)             In the latter case, load this package earlier.
Package: kvsetkeys 2016/05/16 v1.17 Key value parser (HO)
Package: kvdefinekeys 2016/05/16 v1.4 Define keys (HO)
Package: pdftexcmds 2017/03/19 v0.25 Utility functions of pdfTeX for LuaTeX (HO
)
Package pdftexcmds Info: LuaTeX not detected.
Package pdftexcmds Info: \pdf@primitive is available.
Package pdftexcmds Info: \pdf@ifprimitive is available.
Package pdftexcmds Info: \pdfdraftmode found.
Package: pdfescape 2016/05/16 v1.14 Implements pdfTeX's escape features (HO)
Package: bigintcalc 2016/05/16 v1.4 Expandable calculations on big integers (HO
)
Package: bitset 2016/05/16 v1.2 Handle bit-vector datatype (HO)
Package: uniquecounter 2016/05/16 v1.3 Provide unlimited unique counter (HO)
)
Package hobsub Info: Skipping package `hobsub' (already loaded).
Package: letltxmacro 2016/05/16 v1.5 Let assignment for LaTeX macros (HO)
Package: hopatch 2016/05/16 v1.3 Wrapper for package hooks (HO)
Package: xcolor-patch 2016/05/16 xcolor patch
Package: atveryend 2016/05/16 v1.9 Hooks at the very end of document (HO)
Package atveryend Info: \enddocument detected (standard20110627).
Package: atbegshi 2016/06/09 v1.18 At begin shipout hook (HO)
Package: refcount 2016/05/16 v3.5 Data extraction from label references (HO)
Package: hycolor 2016/05/16 v1.8 Color options for hyperref/bookmark (HO)
) (f:/Softwares/TexLive/2017/texmf-dist/tex/generic/ifxetex/ifxetex.sty
Package: ifxetex 2010/09/12 v0.6 Provides ifxetex conditional
)
(f:/Softwares/TexLive/2017/texmf-dist/tex/latex/oberdiek/auxhook.sty
Package: auxhook 2016/05/16 v1.4 Hooks for auxiliary files (HO)
)
(f:/Softwares/TexLive/2017/texmf-dist/tex/latex/oberdiek/kvoptions.sty
Package: kvoptions 2016/05/16 v3.12 Key value format for package options (HO)
)
\@linkdim=\dimen117
\Hy@linkcounter=\count102
\Hy@pagecounter=\count103

(f:/Softwares/TexLive/2017/texmf-dist/tex/latex/hyperref/pd1enc.def
File: pd1enc.def 2017/03/14 v6.85a Hyperref: PDFDocEncoding definition (HO)
)
\Hy@SavedSpaceFactor=\count104

(f:/Softwares/TexLive/2017/texmf-dist/tex/latex/latexconfig/hyperref.cfg
File: hyperref.cfg 2002/06/06 v1.2 hyperref configuration of TeXLive
)
Package hyperref Info: Option `colorlinks' set `true' on input line 4374.
Package hyperref Info: Hyper figures OFF on input line 4498.
Package hyperref Info: Link nesting OFF on input line 4503.
Package hyperref Info: Hyper index ON on input line 4506.
Package hyperref Info: Plain pages OFF on input line 4513.
Package hyperref Info: Backreferencing ON on input line 4516.
Package hyperref Info: Implicit mode ON; LaTeX internals redefined.
Package hyperref Info: Bookmarks ON on input line 4751.

(f:/Softwares/TexLive/2017/texmf-dist/tex/latex/hyperref/backref.sty
Package: backref 2016/05/21 v1.39 Bibliographical back referencing

(f:/Softwares/TexLive/2017/texmf-dist/tex/latex/oberdiek/rerunfilecheck.sty
Package: rerunfilecheck 2016/05/16 v1.8 Rerun checks for auxiliary files (HO)
Package uniquecounter Info: New unique counter `rerunfilecheck' on input line 2
82.
))
\c@Hy@tempcnt=\count105
LaTeX Info: Redefining \url on input line 5104.
\XeTeXLinkMargin=\dimen118
\Fld@menulength=\count106
\Field@Width=\dimen119
\Fld@charsize=\dimen120
Package hyperref Info: Hyper figures OFF on input line 6358.
Package hyperref Info: Link nesting OFF on input line 6363.
Package hyperref Info: Hyper index ON on input line 6366.
Package hyperref Info: backreferencing ON on input line 6371.
Package hyperref Info: Link coloring ON on input line 6376.
Package hyperref Info: Link coloring with OCG OFF on input line 6383.
Package hyperref Info: PDF/A mode OFF on input line 6388.
LaTeX Info: Redefining \ref on input line 6428.
LaTeX Info: Redefining \pageref on input line 6432.
\Hy@abspage=\count107
\c@Item=\count108
\c@Hfootnote=\count109
)

Package hyperref Message: Driver (autodetected): hpdftex.

(f:/Softwares/TexLive/2017/texmf-dist/tex/latex/hyperref/hpdftex.def
File: hpdftex.def 2017/03/14 v6.85a Hyperref driver for pdfTeX
\Fld@listcount=\count110
\c@bookmark@seq@number=\count111
\Hy@SectionHShift=\skip50
)
\c@theorem=\count112

(./report.aux)
\openout1 = `report.aux'.

LaTeX Font Info:    Checking defaults for OML/cmm/m/it on input line 57.
LaTeX Font Info:    ... okay on input line 57.
LaTeX Font Info:    Checking defaults for T1/cmr/m/n on input line 57.
LaTeX Font Info:    ... okay on input line 57.
LaTeX Font Info:    Checking defaults for OT1/cmr/m/n on input line 57.
LaTeX Font Info:    ... okay on input line 57.
LaTeX Font Info:    Checking defaults for OMS/cmsy/m/n on input line 57.
LaTeX Font Info:    ... okay on input line 57.
LaTeX Font Info:    Checking defaults for OMX/cmex/m/n on input line 57.
LaTeX Font Info:    ... okay on input line 57.
LaTeX Font Info:    Checking defaults for U/cmr/m/n on input line 57.
LaTeX Font Info:    ... okay on input line 57.
LaTeX Font Info:    Checking defaults for PD1/pdf/m/n on input line 57.
LaTeX Font Info:    ... okay on input line 57.

(f:/Softwares/TexLive/2017/texmf-dist/tex/context/base/mkii/supp-pdf.mkii
[Loading MPS to PDF converter (version 2006.09.02).]
\scratchcounter=\count113
\scratchdimen=\dimen121
\scratchbox=\box31
\nofMPsegments=\count114
\nofMParguments=\count115
\everyMPshowfont=\toks31
\MPscratchCnt=\count116
\MPscratchDim=\dimen122
\MPnumerator=\count117
\makeMPintoPDFobject=\count118
\everyMPtoPDFconversion=\toks32
) (f:/Softwares/TexLive/2017/texmf-dist/tex/latex/oberdiek/epstopdf-base.sty
Package: epstopdf-base 2016/05/15 v2.6 Base part for package epstopdf

(f:/Softwares/TexLive/2017/texmf-dist/tex/latex/oberdiek/grfext.sty
Package: grfext 2016/05/16 v1.2 Manage graphics extensions (HO)
)
Package epstopdf-base Info: Redefining graphics rule for `.eps' on input line 4
38.
Package grfext Info: Graphics extension search list:
(grfext)             [.pdf,.png,.jpg,.mps,.jpeg,.jbig2,.jb2,.PDF,.PNG,.JPG,.JPE
G,.JBIG2,.JB2,.eps]
(grfext)             \AppendGraphicsExtensions on input line 456.

(f:/Softwares/TexLive/2017/texmf-dist/tex/latex/latexconfig/epstopdf-sys.cfg
File: epstopdf-sys.cfg 2010/07/13 v1.3 Configuration of (r)epstopdf for TeX Liv
e
))
\AtBeginShipoutBox=\box32

(f:/Softwares/TexLive/2017/texmf-dist/tex/latex/graphics/color.sty
Package: color 2016/07/10 v1.1e Standard LaTeX Color (DPC)

(f:/Softwares/TexLive/2017/texmf-dist/tex/latex/graphics-cfg/color.cfg
File: color.cfg 2016/01/02 v1.6 sample color configuration
)
Package color Info: Driver file: pdftex.def on input line 147.
)
Package hyperref Info: Link coloring ON on input line 57.

(f:/Softwares/TexLive/2017/texmf-dist/tex/latex/hyperref/nameref.sty
Package: nameref 2016/05/21 v2.44 Cross-referencing by name of section

(f:/Softwares/TexLive/2017/texmf-dist/tex/generic/oberdiek/gettitlestring.sty
Package: gettitlestring 2016/05/16 v1.5 Cleanup title references (HO)
)
\c@section@level=\count119
)
LaTeX Info: Redefining \ref on input line 57.
LaTeX Info: Redefining \pageref on input line 57.
LaTeX Info: Redefining \nameref on input line 57.
(./report.out) (./report.out)
\@outlinefile=\write4
\openout4 = `report.out'.

LaTeX Font Info:    Try loading font information for U+lasy on input line 68.

(f:/Softwares/TexLive/2017/texmf-dist/tex/latex/base/ulasy.fd
File: ulasy.fd 1998/08/17 v2.2e LaTeX symbol font definitions
)
LaTeX Font Info:    Try loading font information for U+msa on input line 68.

(f:/Softwares/TexLive/2017/texmf-dist/tex/latex/amsfonts/umsa.fd
File: umsa.fd 2013/01/14 v3.01 AMS symbols A
)
LaTeX Font Info:    Try loading font information for U+msb on input line 68.

(f:/Softwares/TexLive/2017/texmf-dist/tex/latex/amsfonts/umsb.fd
File: umsb.fd 2013/01/14 v3.01 AMS symbols B
) [1

{f:/Softwares/TexLive/2017/texmf-var/fonts/map/pdftex/updmap/pdftex.map}] [2]
<images/klaymen.png, id=37, 144.54pt x 232.4685pt>
File: images/klaymen.png Graphic file (type png)
<use images/klaymen.png>
Package pdftex.def Info: images/klaymen.png  used on input line 87. on input li
ne 87.
Package pdftex.def Info: Requested size: 142.27016pt x 227.63312pt on input lin
e 87.
<images/klaymen-hedcut-20000.png, id=38, 481.8pt x 774.895pt>
File: images/klaymen-hedcut-20000.png Graphic file (type png)
<use images/klaymen-hedcut-20000.png>
Package pdftex.def Info: images/klaymen-hedcut-20000.png  used on input line 88
. on input line 88.
Package pdftex.def Info: Requested size: 142.26208pt x 227.62248pt on input lin
e 88.
<images/klaymen-voronoi-20000.png, id=40, 481.8pt x 774.895pt>
File: images/klaymen-voronoi-20000.png Graphic file (type png)
<use images/klaymen-voronoi-20000.png>
Package pdftex.def Info: images/klaymen-voronoi-20000.png  used on input line 8
9. on input line 89.
Package pdftex.def Info: Requested size: 142.26208pt x 227.62248pt on input lin
e 89.
<images/phoenix.png, id=41, 673.51625pt x 434.62375pt>
File: images/phoenix.png Graphic file (type png)
<use images/phoenix.png>
Package pdftex.def Info: images/phoenix.png  used on input line 92. on input li
ne 92.
Package pdftex.def Info: Requested size: 142.26474pt x 113.80858pt on input lin
e 92.
<images/phoenix-hedcut-2000.png, id=42, 538.813pt x 347.699pt>
File: images/phoenix-hedcut-2000.png Graphic file (type png)
<use images/phoenix-hedcut-2000.png>
Package pdftex.def Info: images/phoenix-hedcut-2000.png  used on input line 93.
 on input line 93.
Package pdftex.def Info: Requested size: 142.2668pt x 113.80727pt on input line
 93.
<images/phoenix-voronoi-2000.png, id=43, 538.813pt x 347.699pt>
File: images/phoenix-voronoi-2000.png Graphic file (type png)
<use images/phoenix-voronoi-2000.png>
Package pdftex.def Info: images/phoenix-voronoi-2000.png  used on input line 94
. on input line 94.
Package pdftex.def Info: Requested size: 142.2668pt x 113.80727pt on input line
 94.
<images/libertyhall.png, id=44, 1259.70625pt x 708.6475pt>
File: images/libertyhall.png Graphic file (type png)
<use images/libertyhall.png>
Package pdftex.def Info: images/libertyhall.png  used on input line 97. on inpu
t line 97.
Package pdftex.def Info: Requested size: 170.70653pt x 142.25682pt on input lin
e 97.
<images/libertyhall-hedcut-20000.png, id=45, 1007.765pt x 566.918pt>
File: images/libertyhall-hedcut-20000.png Graphic file (type png)
<use images/libertyhall-hedcut-20000.png>
Package pdftex.def Info: images/libertyhall-hedcut-20000.png  used on input lin
e 98. on input line 98.
Package pdftex.def Info: Requested size: 170.71806pt x 142.26547pt on input lin
e 98.
<images/libertyhall-voronoi-20000.png, id=46, 1007.765pt x 566.918pt>
File: images/libertyhall-voronoi-20000.png Graphic file (type png)
<use images/libertyhall-voronoi-20000.png>
Package pdftex.def Info: images/libertyhall-voronoi-20000.png  used on input li
ne 99. on input line 99.
Package pdftex.def Info: Requested size: 170.71806pt x 142.26547pt on input lin
e 99.
<images/landscape.png, id=47, 411.136pt x 307.9505pt>
File: images/landscape.png Graphic file (type png)
<use images/landscape.png>
Package pdftex.def Info: images/landscape.png  used on input line 102. on input
 line 102.
Package pdftex.def Info: Requested size: 170.71863pt x 142.2651pt on input line
 102.
<images/landscape-hedcut-20000.png, id=48, 822.272pt x 615.901pt>
File: images/landscape-hedcut-20000.png Graphic file (type png)
<use images/landscape-hedcut-20000.png>
Package pdftex.def Info: images/landscape-hedcut-20000.png  used on input line 
103. on input line 103.
Package pdftex.def Info: Requested size: 170.71236pt x 142.2651pt on input line
 103.
<images/landscape-voronoi-20000.png, id=49, 822.272pt x 615.901pt>
File: images/landscape-voronoi-20000.png Graphic file (type png)
<use images/landscape-voronoi-20000.png>
Package pdftex.def Info: images/landscape-voronoi-20000.png  used on input line
 104. on input line 104.
Package pdftex.def Info: Requested size: 170.71236pt x 142.2651pt on input line
 104.
<images/sanders.png, id=50, 642.4pt x 428.60126pt>
File: images/sanders.png Graphic file (type png)
<use images/sanders.png>
Package pdftex.def Info: images/sanders.png  used on input line 107. on input l
ine 107.
Package pdftex.def Info: Requested size: 170.7155pt x 128.03854pt on input line
 107.
<images/sanders-hedcut-10000.png, id=51, 513.92pt x 342.881pt>
File: images/sanders-hedcut-10000.png Graphic file (type png)
<use images/sanders-hedcut-10000.png>
Package pdftex.def Info: images/sanders-hedcut-10000.png  used on input line 10
8. on input line 108.
Package pdftex.def Info: Requested size: 170.71548pt x 128.03593pt on input lin
e 108.
<images/sanders_voronoi_10000.png, id=52, 513.92pt x 342.881pt>
File: images/sanders_voronoi_10000.png Graphic file (type png)
<use images/sanders_voronoi_10000.png>
Package pdftex.def Info: images/sanders_voronoi_10000.png  used on input line 1
09. on input line 109.
Package pdftex.def Info: Requested size: 170.71548pt x 128.03593pt on input lin
e 109.

Underfull \hbox (badness 10000) in paragraph at lines 86--111

 []


Underfull \hbox (badness 10000) in paragraph at lines 86--111

 []


Overfull \hbox (47.25433pt too wide) in paragraph at lines 86--111
[] [] [] 
 []


Underfull \hbox (badness 10000) in paragraph at lines 86--111

 []


Overfull \hbox (47.25502pt too wide) in paragraph at lines 86--111
[] [] [] 
 []


Underfull \hbox (badness 10000) in paragraph at lines 86--111

 []


Overfull \hbox (47.25815pt too wide) in paragraph at lines 86--111
[] [] [] 
 []

[3 <./images/klaymen.png> <./images/klaymen-hedcut-20000.png> <./images/klaymen
-voronoi-20000.png> <./images/phoenix.png> <./images/phoenix-hedcut-2000.png> <
./images/phoenix-voronoi-2000.png>] [4 <./images/libertyhall.png (PNG copy)> <.
/images/libertyhall-hedcut-20000.png> <./images/libertyhall-voronoi-20000.png> 
<./images/landscape.png> <./images/landscape-hedcut-20000.png> <./images/landsc
ape-voronoi-20000.png> <./images/sanders.png (PNG copy)> <./images/sanders-hedc
ut-10000.png> <./images/sanders_voronoi_10000.png>] [5]
Underfull \hbox (badness 10000) in paragraph at lines 146--148

 []

<images/Pheonix-Debug-Normal.png, id=76, 336.75812pt x 216.81pt>
File: images/Pheonix-Debug-Normal.png Graphic file (type png)
<use images/Pheonix-Debug-Normal.png>
Package pdftex.def Info: images/Pheonix-Debug-Normal.png  used on input line 14
9. on input line 149.
Package pdftex.def Info: Requested size: 341.43846pt x 227.63405pt on input lin
e 149.
<images/3point5Phoenix.png, id=77, 336.25626pt x 217.31187pt>
File: images/3point5Phoenix.png Graphic file (type png)
<use images/3point5Phoenix.png>
Package pdftex.def Info: images/3point5Phoenix.png  used on input line 156. on 
input line 156.
Package pdftex.def Info: Requested size: 341.43758pt x 227.63705pt on input lin
e 156.
[6 <./images/Pheonix-Debug-Normal.png>]
<images/5Phoenix.png, id=83, 336.75812pt x 215.80624pt>
File: images/5Phoenix.png Graphic file (type png)
<use images/5Phoenix.png>
Package pdftex.def Info: images/5Phoenix.png  used on input line 159. on input 
line 159.
Package pdftex.def Info: Requested size: 341.43846pt x 227.63063pt on input lin
e 159.
<images/7phoenix.png, id=84, 337.76187pt x 228.855pt>
File: images/7phoenix.png Graphic file (type png)
<use images/7phoenix.png>
Package pdftex.def Info: images/7phoenix.png  used on input line 163. on input 
line 163.
Package pdftex.def Info: Requested size: 341.44087pt x 227.6322pt on input line
 163.
 [7 <./images/3point5Phoenix.png> <./images/5Phoenix.png>]
Overfull \hbox (337.61568pt too wide) in paragraph at lines 166--167
\OT1/cmr/m/n/10.95 ber in the com-mand line while run-ning the code. Though $[]
$ 
 []

[8 <./images/7phoenix.png>]
<images/klaymen-old-2000.png, id=97, 481.8pt x 774.895pt>
File: images/klaymen-old-2000.png Graphic file (type png)
<use images/klaymen-old-2000.png>
Package pdftex.def Info: images/klaymen-old-2000.png  used on input line 180. o
n input line 180.
Package pdftex.def Info: Requested size: 142.26208pt x 227.62248pt on input lin
e 180.
<images/klaymen-new-2000.png, id=98, 481.8pt x 774.895pt>
File: images/klaymen-new-2000.png Graphic file (type png)
<use images/klaymen-new-2000.png>
Package pdftex.def Info: images/klaymen-new-2000.png  used on input line 181. o
n input line 181.
Package pdftex.def Info: Requested size: 142.26208pt x 227.62248pt on input lin
e 181.
<images/sanders-old-10000.png, id=99, 513.92pt x 342.881pt>
File: images/sanders-old-10000.png Graphic file (type png)
<use images/sanders-old-10000.png>
Package pdftex.def Info: images/sanders-old-10000.png  used on input line 185. 
on input line 185.
Package pdftex.def Info: Requested size: 227.62328pt x 184.9437pt on input line
 185.
<images/sanders-new-10000.png, id=100, 513.92pt x 342.881pt>
File: images/sanders-new-10000.png Graphic file (type png)
<use images/sanders-new-10000.png>
Package pdftex.def Info: images/sanders-new-10000.png  used on input line 186. 
on input line 186.
Package pdftex.def Info: Requested size: 227.62328pt x 184.9437pt on input line
 186.
 (./report.bbl (./report.brf)
\tf@brf=\write5
\openout5 = `report.brf'.



LaTeX Warning: Empty `thebibliography' environment on input line 3.

)
Package atveryend Info: Empty hook `BeforeClearDocument' on input line 196.
 [9 <./images/klaymen-old-2000.png> <./images/klaymen-new-2000.png> <./images/s
anders-old-10000.png> <./images/sanders-new-10000.png>]
Package atveryend Info: Empty hook `AfterLastShipout' on input line 196.
 (./report.aux)
Package atveryend Info: Executing hook `AtVeryEndDocument' on input line 196.
Package atveryend Info: Executing hook `AtEndAfterFileList' on input line 196.
Package rerunfilecheck Info: File `report.out' has not changed.
(rerunfilecheck)             Checksum: E114179386AE22BDCA80B8B597E90E0F;317.
Package rerunfilecheck Info: File `report.brf' has not changed.
(rerunfilecheck)             Checksum: D41D8CD98F00B204E9800998ECF8427E;0.
Package atveryend Info: Empty hook `AtVeryVeryEnd' on input line 196.
 ) 
Here is how much of TeX's memory you used:
 6714 strings out of 492985
 98174 string characters out of 6131633
 182771 words of memory out of 5000000
 10153 multiletter control sequences out of 15000+600000
 10470 words of font info for 41 fonts, out of 8000000 for 9000
 1141 hyphenation exceptions out of 8191
 32i,6n,28p,992b,323s stack positions out of 5000i,500n,10000p,200000b,80000s
<f:/Softwares/TexLive/2017/texmf-dist/fonts/type1/public/amsfonts/cm/cmbx10.p
fb><f:/Softwares/TexLive/2017/texmf-dist/fonts/type1/public/amsfonts/cm/cmbx12.
pfb><f:/Softwares/TexLive/2017/texmf-dist/fonts/type1/public/amsfonts/cm/cmr10.
pfb><f:/Softwares/TexLive/2017/texmf-dist/fonts/type1/public/amsfonts/cm/cmr12.
pfb><f:/Softwares/TexLive/2017/texmf-dist/fonts/type1/public/amsfonts/cm/cmti10
.pfb>
Output written on report.pdf (9 pages, 11220085 bytes).
PDF statistics:
 134 PDF objects out of 1000 (max. 8388607)
 76 compressed objects within 1 object stream
 16 named destinations out of 1000 (max. 500000)
 156 words of extra memory for PDF output out of 10000 (max. 10000000)

